#
# There is insufficient memory for the Java Runtime Environment to continue.
# Native memory allocation (malloc) failed to allocate 1048576 bytes. Error detail: AllocateHeap
# Possible reasons:
#   The system is out of physical RAM or swap space
#   This process is running with CompressedOops enabled, and the Java Heap may be blocking the growth of the native heap
# Possible solutions:
#   Reduce memory load on the system
#   Increase physical memory or swap space
#   Check if swap backing store is full
#   Decrease Java heap size (-Xmx/-Xms)
#   Decrease number of Java threads
#   Decrease Java thread stack sizes (-Xss)
#   Set larger code cache with -XX:ReservedCodeCacheSize=
#   JVM is running with Unscaled Compressed Oops mode in which the Java heap is
#     placed in the first 4GB address space. The Java Heap base address is the
#     maximum limit for the native heap growth. Please use -XX:HeapBaseMinAddress
#     to set the Java Heap base and to place the Java Heap above 4GB virtual address.
# This output file may be truncated or incomplete.
#
#  Out of Memory Error (allocation.cpp:44), pid=37700, tid=41284
#
# JRE version: OpenJDK Runtime Environment Temurin-21.0.10+7 (21.0.10+7) (build 21.0.10+7-LTS)
# Java VM: OpenJDK 64-Bit Server VM Temurin-21.0.10+7 (21.0.10+7-LTS, mixed mode, sharing, tiered, compressed oops, compressed class ptrs, parallel gc, windows-amd64)
# No core dump will be written. Minidumps are not enabled by default on client versions of Windows
#

---------------  S U M M A R Y ------------

Command Line: --add-modules=ALL-SYSTEM --add-opens=java.base/java.util=ALL-UNNAMED --add-opens=java.base/java.lang=ALL-UNNAMED --add-opens=java.base/sun.nio.fs=ALL-UNNAMED -Declipse.application=org.eclipse.jdt.ls.core.id1 -Dosgi.bundles.defaultStartLevel=4 -Declipse.product=org.eclipse.jdt.ls.core.product -Djava.import.generatesMetadataFilesAtProjectRoot=false -DDetectVMInstallationsJob.disabled=true -Dfile.encoding=utf8 -XX:+UseParallelGC -XX:GCTimeRatio=4 -XX:AdaptiveSizePolicyWeight=90 -Dsun.zip.disableMemoryMapping=true -Xmx2G -Xms100m -Xlog:disable -javaagent:c:\Users\34254\.vscode\extensions\redhat.java-1.53.0-win32-x64\lombok\lombok-1.18.39-4050.jar -XX:+HeapDumpOnOutOfMemoryError -XX:HeapDumpPath=c:\Users\34254\AppData\Roaming\Code\User\workspaceStorage\11a8cb3c3341c91eef7ece94f8f3fc9b\redhat.java -Daether.dependencyCollector.impl=bf c:\Users\34254\.vscode\extensions\redhat.java-1.53.0-win32-x64\server\plugins\org.eclipse.equinox.launcher_1.7.100.v20251111-0406.jar -configuration c:\Users\34254\AppData\Roaming\Code\User\globalStorage\redhat.java\1.53.0\config_win -data c:\Users\34254\AppData\Roaming\Code\User\workspaceStorage\11a8cb3c3341c91eef7ece94f8f3fc9b\redhat.java\jdt_ws --pipe=\\.\pipe\lsp-abe9a8a0019e016a0facf74bb1e763e9-sock

Host: 13th Gen Intel(R) Core(TM) i7-13620H, 16 cores, 31G,  Windows 11 , 64 bit Build 22621 (10.0.22621.5415)
Time: Fri Mar 27 21:46:17 2026 elapsed time: 29925.339072 seconds (0d 8h 18m 45s)

---------------  T H R E A D  ---------------

Current thread (0x00000254ffb714e0):  JavaThread "Attach Listener" daemon [_thread_in_vm, id=41284, stack(0x000000dfe3900000,0x000000dfe3a00000) (1024K)]

Stack: [0x000000dfe3900000,0x000000dfe3a00000]
Native frames: (J=compiled Java code, j=interpreted, Vv=VM code, C=native code)
V  [jvm.dll+0x6d7a39]
V  [jvm.dll+0x8b4b26]
V  [jvm.dll+0x8b70de]
V  [jvm.dll+0x8b77c3]
V  [jvm.dll+0x284346]
V  [jvm.dll+0xc1277]
V  [jvm.dll+0x6d82e9]
V  [jvm.dll+0x1334a6]
V  [jvm.dll+0x3f857e]
V  [jvm.dll+0x85f59d]
V  [jvm.dll+0x6d626d]
C  [ucrtbase.dll+0x29333]
C  [KERNEL32.DLL+0x1259d]
C  [ntdll.dll+0x5af78]


---------------  P R O C E S S  ---------------

Threads class SMR info:
_java_thread_list=0x00000254ce492c50, length=43, elements={
0x00000254ebd01610, 0x00000254ffb6b190, 0x00000254ffb6d850, 0x00000254ffb70170,
0x00000254ffb714e0, 0x00000254ffb74c30, 0x00000254ebda5dd0, 0x00000254ebdae6a0,
0x00000254ebdb0350, 0x00000254ebda6460, 0x00000254ebda3d00, 0x00000254ebda2fe0,
0x00000254ebda4390, 0x00000254ebda3670, 0x00000254ebda4a20, 0x00000254ebda50b0,
0x00000254ebda5740, 0x00000254cb982ac0, 0x00000254cb9858b0, 0x00000254cb981710,
0x00000254cb9837e0, 0x00000254cb986c60, 0x00000254cb987980, 0x00000254cb981080,
0x00000254cb9886a0, 0x00000254cb982430, 0x00000254cb985220, 0x00000254cb984500,
0x00000254cb981da0, 0x00000254cb983e70, 0x00000254cdff6ba0, 0x00000254cdff4440,
0x00000254cdff6510, 0x00000254cdff7230, 0x00000254cdff5e80, 0x00000254cdff3db0,
0x00000254cdff0930, 0x00000254cdff2370, 0x00000254cdff78c0, 0x00000254cdff7f50,
0x00000254cdff1650, 0x00000254cc3f7d30, 0x00000254cc3f27e0
}

Java Threads: ( => current thread )
  0x00000254ebd01610 JavaThread "main"                              [_thread_blocked, id=33448, stack(0x000000dfe3200000,0x000000dfe3300000) (1024K)]
  0x00000254ffb6b190 JavaThread "Reference Handler"          daemon [_thread_blocked, id=36128, stack(0x000000dfe3600000,0x000000dfe3700000) (1024K)]
  0x00000254ffb6d850 JavaThread "Finalizer"                  daemon [_thread_blocked, id=2672, stack(0x000000dfe3700000,0x000000dfe3800000) (1024K)]
  0x00000254ffb70170 JavaThread "Signal Dispatcher"          daemon [_thread_blocked, id=36304, stack(0x000000dfe3800000,0x000000dfe3900000) (1024K)]
=>0x00000254ffb714e0 JavaThread "Attach Listener"            daemon [_thread_in_vm, id=41284, stack(0x000000dfe3900000,0x000000dfe3a00000) (1024K)]
  0x00000254ffb74c30 JavaThread "Service Thread"             daemon [_thread_blocked, id=32788, stack(0x000000dfe3a00000,0x000000dfe3b00000) (1024K)]
  0x00000254ebda5dd0 JavaThread "Monitor Deflation Thread"   daemon [_thread_blocked, id=34780, stack(0x000000dfe3b00000,0x000000dfe3c00000) (1024K)]
  0x00000254ebdae6a0 JavaThread "C2 CompilerThread0"         daemon [_thread_blocked, id=38964, stack(0x000000dfe3c00000,0x000000dfe3d00000) (1024K)]
  0x00000254ebdb0350 JavaThread "C1 CompilerThread0"         daemon [_thread_blocked, id=39392, stack(0x000000dfe3d00000,0x000000dfe3e00000) (1024K)]
  0x00000254ebda6460 JavaThread "Common-Cleaner"             daemon [_thread_blocked, id=38412, stack(0x000000dfe4100000,0x000000dfe4200000) (1024K)]
  0x00000254ebda3d00 JavaThread "Notification Thread"        daemon [_thread_blocked, id=39872, stack(0x000000dfe4200000,0x000000dfe4300000) (1024K)]
  0x00000254ebda2fe0 JavaThread "Active Thread: Equinox Container: d10c4f14-7669-41db-b5c1-d0814e476abd"        [_thread_blocked, id=34412, stack(0x000000dfe4c00000,0x000000dfe4d00000) (1024K)]
  0x00000254ebda4390 JavaThread "Refresh Thread: Equinox Container: d10c4f14-7669-41db-b5c1-d0814e476abd" daemon [_thread_blocked, id=35484, stack(0x000000dfe3e00000,0x000000dfe3f00000) (1024K)]
  0x00000254ebda3670 JavaThread "Framework Event Dispatcher: Equinox Container: d10c4f14-7669-41db-b5c1-d0814e476abd" daemon [_thread_blocked, id=39364, stack(0x000000dfe4000000,0x000000dfe4100000) (1024K)]
  0x00000254ebda4a20 JavaThread "Start Level: Equinox Container: d10c4f14-7669-41db-b5c1-d0814e476abd" daemon [_thread_blocked, id=37852, stack(0x000000dfe4300000,0x000000dfe4400000) (1024K)]
  0x00000254ebda50b0 JavaThread "Bundle File Closer"         daemon [_thread_blocked, id=37680, stack(0x000000dfe5000000,0x000000dfe5100000) (1024K)]
  0x00000254ebda5740 JavaThread "SCR Component Actor"        daemon [_thread_blocked, id=41800, stack(0x000000dfe4f00000,0x000000dfe5000000) (1024K)]
  0x00000254cb982ac0 JavaThread "Worker-JM"                         [_thread_blocked, id=41044, stack(0x000000dfe5600000,0x000000dfe5700000) (1024K)]
  0x00000254cb9858b0 JavaThread "JNA Cleaner"                daemon [_thread_blocked, id=36280, stack(0x000000dfe5400000,0x000000dfe5500000) (1024K)]
  0x00000254cb981710 JavaThread "Java indexing"              daemon [_thread_blocked, id=34788, stack(0x000000dfe5c00000,0x000000dfe5d00000) (1024K)]
  0x00000254cb9837e0 JavaThread "Thread-1"                   daemon [_thread_in_native, id=27304, stack(0x000000dfe5f00000,0x000000dfe6000000) (1024K)]
  0x00000254cb986c60 JavaThread "Thread-2"                   daemon [_thread_in_native, id=35952, stack(0x000000dfe6000000,0x000000dfe6100000) (1024K)]
  0x00000254cb987980 JavaThread "Thread-3"                   daemon [_thread_in_native, id=40012, stack(0x000000dfe6100000,0x000000dfe6200000) (1024K)]
  0x00000254cb981080 JavaThread "Thread-4"                   daemon [_thread_in_native, id=41156, stack(0x000000dfe6200000,0x000000dfe6300000) (1024K)]
  0x00000254cb9886a0 JavaThread "Thread-5"                   daemon [_thread_in_native, id=39092, stack(0x000000dfe6300000,0x000000dfe6400000) (1024K)]
  0x00000254cb982430 JavaThread "Thread-6"                   daemon [_thread_in_native, id=38572, stack(0x000000dfe6400000,0x000000dfe6500000) (1024K)]
  0x00000254cb985220 JavaThread "Thread-7"                   daemon [_thread_in_native, id=33392, stack(0x000000dfe6500000,0x000000dfe6600000) (1024K)]
  0x00000254cb984500 JavaThread "Thread-8"                   daemon [_thread_in_native, id=37264, stack(0x000000dfe6600000,0x000000dfe6700000) (1024K)]
  0x00000254cb981da0 JavaThread "Thread-9"                   daemon [_thread_in_native, id=33016, stack(0x000000dfe6700000,0x000000dfe6800000) (1024K)]
  0x00000254cb983e70 JavaThread "Thread-10"                  daemon [_thread_in_native, id=34808, stack(0x000000dfe6800000,0x000000dfe6900000) (1024K)]
  0x00000254cdff6ba0 JavaThread "Thread-11"                  daemon [_thread_in_native, id=38000, stack(0x000000dfe6900000,0x000000dfe6a00000) (1024K)]
  0x00000254cdff4440 JavaThread "Thread-12"                  daemon [_thread_in_native, id=41060, stack(0x000000dfe6a00000,0x000000dfe6b00000) (1024K)]
  0x00000254cdff6510 JavaThread "Thread-13"                  daemon [_thread_in_native, id=32544, stack(0x000000dfe6b00000,0x000000dfe6c00000) (1024K)]
  0x00000254cdff7230 JavaThread "Thread-14"                  daemon [_thread_in_native, id=36676, stack(0x000000dfe6c00000,0x000000dfe6d00000) (1024K)]
  0x00000254cdff5e80 JavaThread "Thread-15"                  daemon [_thread_in_native, id=32844, stack(0x000000dfe6d00000,0x000000dfe6e00000) (1024K)]
  0x00000254cdff3db0 JavaThread "Thread-16"                  daemon [_thread_in_native, id=38272, stack(0x000000dfe6e00000,0x000000dfe6f00000) (1024K)]
  0x00000254cdff0930 JavaThread "Thread-17"                  daemon [_thread_in_native, id=39640, stack(0x000000dfe6f00000,0x000000dfe7000000) (1024K)]
  0x00000254cdff2370 JavaThread "pool-2-thread-1"                   [_thread_blocked, id=34140, stack(0x000000dfe7000000,0x000000dfe7100000) (1024K)]
  0x00000254cdff78c0 JavaThread "WorkspaceEventsHandler"            [_thread_blocked, id=38768, stack(0x000000dfe7600000,0x000000dfe7700000) (1024K)]
  0x00000254cdff7f50 JavaThread "pool-1-thread-1"                   [_thread_blocked, id=39732, stack(0x000000dfe7700000,0x000000dfe7800000) (1024K)]
  0x00000254cdff1650 JavaThread "Worker-5"                          [_thread_blocked, id=38408, stack(0x000000dfe7900000,0x000000dfe7a00000) (1024K)]
  0x00000254cc3f7d30 JavaThread "Timer-0"                           [_thread_blocked, id=32032, stack(0x000000dfe7400000,0x000000dfe7500000) (1024K)]
  0x00000254cc3f27e0 JavaThread "Worker-6"                          [_thread_blocked, id=37276, stack(0x000000dfe2f00000,0x000000dfe3000000) (1024K)]
Total: 43

Other Threads:
  0x00000254ebd9ebd0 VMThread "VM Thread"                           [id=41216, stack(0x000000dfe3500000,0x000000dfe3600000) (1024K)]
  0x00000254ebd6d670 WatcherThread "VM Periodic Task Thread"        [id=38876, stack(0x000000dfe3400000,0x000000dfe3500000) (1024K)]
  0x00000254ebd1eae0 WorkerThread "GC Thread#0"                     [id=37572, stack(0x000000dfe3300000,0x000000dfe3400000) (1024K)]
  0x00000254cb0afd60 WorkerThread "GC Thread#1"                     [id=37792, stack(0x000000dfe4400000,0x000000dfe4500000) (1024K)]
  0x00000254c6b3f410 WorkerThread "GC Thread#2"                     [id=37684, stack(0x000000dfe4500000,0x000000dfe4600000) (1024K)]
  0x00000254c6b3f7c0 WorkerThread "GC Thread#3"                     [id=39320, stack(0x000000dfe4600000,0x000000dfe4700000) (1024K)]
  0x00000254c6b3fb70 WorkerThread "GC Thread#4"                     [id=36960, stack(0x000000dfe4700000,0x000000dfe4800000) (1024K)]
  0x00000254c6b3ff20 WorkerThread "GC Thread#5"                     [id=40868, stack(0x000000dfe4800000,0x000000dfe4900000) (1024K)]
  0x00000254cb0ce370 WorkerThread "GC Thread#6"                     [id=38840, stack(0x000000dfe4900000,0x000000dfe4a00000) (1024K)]
  0x00000254cb1158d0 WorkerThread "GC Thread#7"                     [id=13372, stack(0x000000dfe4d00000,0x000000dfe4e00000) (1024K)]
  0x00000254cb29df00 WorkerThread "GC Thread#8"                     [id=38140, stack(0x000000dfe3f00000,0x000000dfe4000000) (1024K)]
  0x00000254ffd812b0 WorkerThread "GC Thread#9"                     [id=22960, stack(0x000000dfe4a00000,0x000000dfe4b00000) (1024K)]
  0x00000254c67d5950 WorkerThread "GC Thread#10"                    [id=37632, stack(0x000000dfe4b00000,0x000000dfe4c00000) (1024K)]
  0x00000254c6a67730 WorkerThread "GC Thread#11"                    [id=36236, stack(0x000000dfe4e00000,0x000000dfe4f00000) (1024K)]
  0x00000254cba07830 WorkerThread "GC Thread#12"                    [id=28736, stack(0x000000dfe5700000,0x000000dfe5800000) (1024K)]
Total: 15

Threads with active compile tasks:
Total: 0

VM state: not at safepoint (normal execution)

VM Mutex/Monitor currently owned by a thread: None

Heap address: 0x0000000080000000, size: 2048 MB, Compressed Oops mode: 32-bit

CDS archive(s) mapped at: [0x0000025484000000-0x0000025484ba0000-0x0000025484ba0000), size 12189696, SharedBaseAddress: 0x0000025484000000, ArchiveRelocationMode: 1.
Compressed class space mapped at: 0x0000025485000000-0x00000254c5000000, reserved size: 1073741824
Narrow klass base: 0x0000025484000000, Narrow klass shift: 0, Narrow klass range: 0x100000000

GC Precious Log:
 CardTable entry size: 512
 CPUs: 16 total, 16 available
 Memory: 32497M
 Large Page Support: Disabled
 NUMA Support: Disabled
 Compressed Oops: Enabled (32-bit)
 Alignments: Space 512K, Generation 512K, Heap 2M
 Heap Min Capacity: 100M
 Heap Initial Capacity: 100M
 Heap Max Capacity: 2G
 Pre-touch: Disabled
 Parallel Workers: 13

Heap:
 PSYoungGen      total 23040K, used 9020K [0x00000000d5580000, 0x00000000d6e00000, 0x0000000100000000)
  eden space 20992K, 35% used [0x00000000d5580000,0x00000000d5cb7a50,0x00000000d6a00000)
  from space 2048K, 79% used [0x00000000d6c00000,0x00000000d6d97680,0x00000000d6e00000)
  to   space 2048K, 0% used [0x00000000d6a00000,0x00000000d6a00000,0x00000000d6c00000)
 ParOldGen       total 84480K, used 84196K [0x0000000080000000, 0x0000000085280000, 0x00000000d5580000)
  object space 84480K, 99% used [0x0000000080000000,0x0000000085239368,0x0000000085280000)
 Metaspace       used 76279K, committed 77952K, reserved 1179648K
  class space    used 8866K, committed 9536K, reserved 1048576K

Card table byte_map: [0x00000254eb6c0000,0x00000254ebad0000] _byte_map_base: 0x00000254eb2c0000

Marking Bits: (ParMarkBitMap*) 0x00007ffc70983450
 Begin Bits: [0x0000025480000000, 0x0000025482000000)
 End Bits:   [0x0000025482000000, 0x0000025484000000)

Polling page: 0x00000254e9d00000

Metaspace:

Usage:
  Non-class:     65.83 MB used.
      Class:      8.66 MB used.
       Both:     74.49 MB used.

Virtual space:
  Non-class space:      128.00 MB reserved,      66.81 MB ( 52%) committed,  2 nodes.
      Class space:        1.00 GB reserved,       9.31 MB ( <1%) committed,  1 nodes.
             Both:        1.12 GB reserved,      76.12 MB (  7%) committed. 

Chunk freelists:
   Non-Class:  12.30 MB
       Class:  6.50 MB
        Both:  18.80 MB

MaxMetaspaceSize: unlimited
CompressedClassSpaceSize: 1.00 GB
Initial GC threshold: 21.00 MB
Current GC threshold: 97.31 MB
CDS: on
 - commit_granule_bytes: 65536.
 - commit_granule_words: 8192.
 - virtual_space_node_default_size: 8388608.
 - enlarge_chunks_in_place: 1.
 - use_allocation_guard: 0.


Internal statistics:

num_allocs_failed_limit: 11.
num_arena_births: 1356.
num_arena_deaths: 14.
num_vsnodes_births: 3.
num_vsnodes_deaths: 0.
num_space_committed: 1218.
num_space_uncommitted: 0.
num_chunks_returned_to_freelist: 25.
num_chunks_taken_from_freelist: 4555.
num_chunk_merges: 11.
num_chunk_splits: 2918.
num_chunks_enlarged: 1813.
num_inconsistent_stats: 0.

CodeHeap 'non-profiled nmethods': size=119168Kb used=7790Kb max_used=7790Kb free=111377Kb
 bounds [0x00000254f6aa0000, 0x00000254f7240000, 0x00000254fdf00000]
CodeHeap 'profiled nmethods': size=119104Kb used=21866Kb max_used=21866Kb free=97237Kb
 bounds [0x00000254eef00000, 0x00000254f0460000, 0x00000254f6350000]
CodeHeap 'non-nmethods': size=7488Kb used=1473Kb max_used=3239Kb free=6014Kb
 bounds [0x00000254f6350000, 0x00000254f66d0000, 0x00000254f6aa0000]
CodeCache: size=245760Kb, used=31129Kb, max_used=32895Kb, free=214628Kb
 total_blobs=10768, nmethods=9974, adapters=700, full_count=0
Compilation: enabled, stopped_count=0, restarted_count=0

Compilation events (20 events):
Event: 23718.857 Thread 0x00000254ebdb0350 10764       1       org.eclipse.core.internal.jobs.InternalJob::getPriority (5 bytes)
Event: 23718.858 Thread 0x00000254ebdb0350 nmethod 10764 0x00000254f7237c10 code [0x00000254f7237da0, 0x00000254f7237e68]
Event: 24113.203 Thread 0x00000254ebdae6a0 10765       4       java.util.concurrent.locks.AbstractQueuedSynchronizer$Node::getAndUnsetStatus (14 bytes)
Event: 24113.204 Thread 0x00000254ebdae6a0 nmethod 10765 0x00000254f7237f10 code [0x00000254f72380a0, 0x00000254f7238170]
Event: 24563.347 Thread 0x00000254ebdae6a0 10766   !   4       java.util.concurrent.locks.AbstractQueuedSynchronizer::tryInitializeHead (66 bytes)
Event: 24563.351 Thread 0x00000254ebdae6a0 nmethod 10766 0x00000254f7238210 code [0x00000254f72383a0, 0x00000254f7238558]
Event: 24593.351 Thread 0x00000254ebdae6a0 10767       4       java.util.concurrent.locks.AbstractQueuedSynchronizer$Node::clearStatus (12 bytes)
Event: 24593.351 Thread 0x00000254ebdae6a0 nmethod 10767 0x00000254f7238690 code [0x00000254f7238820, 0x00000254f72388b0]
Event: 25363.170 Thread 0x00000254ebdae6a0 10768 % !   4       java.util.TimerThread::mainLoop @ 0 (232 bytes)
Event: 25363.199 Thread 0x00000254ebdae6a0 nmethod 10768% 0x00000254f7238990 code [0x00000254f7238be0, 0x00000254f7239710]
Event: 26418.883 Thread 0x00000254ebdb0350 10769   !   3       org.eclipse.core.runtime.SafeRunner::run (20 bytes)
Event: 26418.890 Thread 0x00000254ebdb0350 nmethod 10769 0x00000254f0459990 code [0x00000254f0459c20, 0x00000254f045a678]
Event: 29064.508 Thread 0x00000254ebdae6a0 10770   !   4       java.util.concurrent.locks.AbstractQueuedSynchronizer$ConditionObject::newConditionNode (78 bytes)
Event: 29064.519 Thread 0x00000254ebdae6a0 nmethod 10770 0x00000254f723a090 code [0x00000254f723a280, 0x00000254f723a618]
Event: 29064.519 Thread 0x00000254ebdae6a0 10771       4       java.util.concurrent.locks.AbstractQueuedSynchronizer$ConditionObject::enableWait (84 bytes)
Event: 29064.522 Thread 0x00000254ebdae6a0 nmethod 10771 0x00000254f723a910 code [0x00000254f723aae0, 0x00000254f723ade0]
Event: 29095.800 Thread 0x00000254ebdae6a0 10772   !   4       java.util.concurrent.locks.AbstractQueuedSynchronizer::reacquire (64 bytes)
Event: 29095.804 Thread 0x00000254ebdae6a0 nmethod 10772 0x00000254f723b090 code [0x00000254f723b240, 0x00000254f723b430]
Event: 29195.871 Thread 0x00000254ebdae6a0 10773       4       java.util.concurrent.locks.AbstractQueuedSynchronizer$ConditionObject::unlinkCancelledWaiters (91 bytes)
Event: 29195.872 Thread 0x00000254ebdae6a0 nmethod 10773 0x00000254f723b590 code [0x00000254f723b720, 0x00000254f723b888]

GC Heap History (20 events):
Event: 51.901 GC heap before
{Heap before GC invocations=76 (full 3):
 PSYoungGen      total 22016K, used 21992K [0x00000000d5580000, 0x00000000d6f00000, 0x0000000100000000)
  eden space 20992K, 100% used [0x00000000d5580000,0x00000000d6a00000,0x00000000d6a00000)
  from space 1024K, 97% used [0x00000000d6c00000,0x00000000d6cfa108,0x00000000d6d00000)
  to   space 2048K, 0% used [0x00000000d6a00000,0x00000000d6a00000,0x00000000d6c00000)
 ParOldGen       total 75264K, used 75239K [0x0000000080000000, 0x0000000084980000, 0x00000000d5580000)
  object space 75264K, 99% used [0x0000000080000000,0x0000000084979dc0,0x0000000084980000)
 Metaspace       used 72051K, committed 73600K, reserved 1114112K
  class space    used 8446K, committed 9088K, reserved 1048576K
}
Event: 51.902 GC heap after
{Heap after GC invocations=76 (full 3):
 PSYoungGen      total 22528K, used 1248K [0x00000000d5580000, 0x00000000d6d00000, 0x0000000100000000)
  eden space 20992K, 0% used [0x00000000d5580000,0x00000000d5580000,0x00000000d6a00000)
  from space 1536K, 81% used [0x00000000d6a00000,0x00000000d6b38000,0x00000000d6b80000)
  to   space 1536K, 0% used [0x00000000d6b80000,0x00000000d6b80000,0x00000000d6d00000)
 ParOldGen       total 76800K, used 76255K [0x0000000080000000, 0x0000000084b00000, 0x00000000d5580000)
  object space 76800K, 99% used [0x0000000080000000,0x0000000084a77ec8,0x0000000084b00000)
 Metaspace       used 72051K, committed 73600K, reserved 1114112K
  class space    used 8446K, committed 9088K, reserved 1048576K
}
Event: 51.907 GC heap before
{Heap before GC invocations=77 (full 3):
 PSYoungGen      total 22528K, used 22240K [0x00000000d5580000, 0x00000000d6d00000, 0x0000000100000000)
  eden space 20992K, 100% used [0x00000000d5580000,0x00000000d6a00000,0x00000000d6a00000)
  from space 1536K, 81% used [0x00000000d6a00000,0x00000000d6b38000,0x00000000d6b80000)
  to   space 1536K, 0% used [0x00000000d6b80000,0x00000000d6b80000,0x00000000d6d00000)
 ParOldGen       total 76800K, used 76255K [0x0000000080000000, 0x0000000084b00000, 0x00000000d5580000)
  object space 76800K, 99% used [0x0000000080000000,0x0000000084a77ec8,0x0000000084b00000)
 Metaspace       used 72051K, committed 73600K, reserved 1114112K
  class space    used 8446K, committed 9088K, reserved 1048576K
}
Event: 51.908 GC heap after
{Heap after GC invocations=77 (full 3):
 PSYoungGen      total 22528K, used 1200K [0x00000000d5580000, 0x00000000d6d00000, 0x0000000100000000)
  eden space 20992K, 0% used [0x00000000d5580000,0x00000000d5580000,0x00000000d6a00000)
  from space 1536K, 78% used [0x00000000d6b80000,0x00000000d6cac010,0x00000000d6d00000)
  to   space 1536K, 0% used [0x00000000d6a00000,0x00000000d6a00000,0x00000000d6b80000)
 ParOldGen       total 77824K, used 77327K [0x0000000080000000, 0x0000000084c00000, 0x00000000d5580000)
  object space 77824K, 99% used [0x0000000080000000,0x0000000084b83ee8,0x0000000084c00000)
 Metaspace       used 72051K, committed 73600K, reserved 1114112K
  class space    used 8446K, committed 9088K, reserved 1048576K
}
Event: 51.914 GC heap before
{Heap before GC invocations=78 (full 3):
 PSYoungGen      total 22528K, used 22192K [0x00000000d5580000, 0x00000000d6d00000, 0x0000000100000000)
  eden space 20992K, 100% used [0x00000000d5580000,0x00000000d6a00000,0x00000000d6a00000)
  from space 1536K, 78% used [0x00000000d6b80000,0x00000000d6cac010,0x00000000d6d00000)
  to   space 1536K, 0% used [0x00000000d6a00000,0x00000000d6a00000,0x00000000d6b80000)
 ParOldGen       total 77824K, used 77327K [0x0000000080000000, 0x0000000084c00000, 0x00000000d5580000)
  object space 77824K, 99% used [0x0000000080000000,0x0000000084b83ee8,0x0000000084c00000)
 Metaspace       used 72051K, committed 73600K, reserved 1114112K
  class space    used 8446K, committed 9088K, reserved 1048576K
}
Event: 51.914 GC heap after
{Heap after GC invocations=78 (full 3):
 PSYoungGen      total 22016K, used 672K [0x00000000d5580000, 0x00000000d6c00000, 0x0000000100000000)
  eden space 20992K, 0% used [0x00000000d5580000,0x00000000d5580000,0x00000000d6a00000)
  from space 1024K, 65% used [0x00000000d6a00000,0x00000000d6aa8000,0x00000000d6b00000)
  to   space 1024K, 0% used [0x00000000d6b00000,0x00000000d6b00000,0x00000000d6c00000)
 ParOldGen       total 78848K, used 78367K [0x0000000080000000, 0x0000000084d00000, 0x00000000d5580000)
  object space 78848K, 99% used [0x0000000080000000,0x0000000084c87ef8,0x0000000084d00000)
 Metaspace       used 72051K, committed 73600K, reserved 1114112K
  class space    used 8446K, committed 9088K, reserved 1048576K
}
Event: 51.920 GC heap before
{Heap before GC invocations=79 (full 3):
 PSYoungGen      total 22016K, used 21664K [0x00000000d5580000, 0x00000000d6c00000, 0x0000000100000000)
  eden space 20992K, 100% used [0x00000000d5580000,0x00000000d6a00000,0x00000000d6a00000)
  from space 1024K, 65% used [0x00000000d6a00000,0x00000000d6aa8000,0x00000000d6b00000)
  to   space 1024K, 0% used [0x00000000d6b00000,0x00000000d6b00000,0x00000000d6c00000)
 ParOldGen       total 78848K, used 78367K [0x0000000080000000, 0x0000000084d00000, 0x00000000d5580000)
  object space 78848K, 99% used [0x0000000080000000,0x0000000084c87ef8,0x0000000084d00000)
 Metaspace       used 72051K, committed 73600K, reserved 1114112K
  class space    used 8446K, committed 9088K, reserved 1048576K
}
Event: 51.921 GC heap after
{Heap after GC invocations=79 (full 3):
 PSYoungGen      total 22016K, used 544K [0x00000000d5580000, 0x00000000d6c00000, 0x0000000100000000)
  eden space 20992K, 0% used [0x00000000d5580000,0x00000000d5580000,0x00000000d6a00000)
  from space 1024K, 53% used [0x00000000d6b00000,0x00000000d6b88000,0x00000000d6c00000)
  to   space 1024K, 0% used [0x00000000d6a00000,0x00000000d6a00000,0x00000000d6b00000)
 ParOldGen       total 79360K, used 78969K [0x0000000080000000, 0x0000000084d80000, 0x00000000d5580000)
  object space 79360K, 99% used [0x0000000080000000,0x0000000084d1e5a8,0x0000000084d80000)
 Metaspace       used 72051K, committed 73600K, reserved 1114112K
  class space    used 8446K, committed 9088K, reserved 1048576K
}
Event: 51.941 GC heap before
{Heap before GC invocations=80 (full 3):
 PSYoungGen      total 22016K, used 21536K [0x00000000d5580000, 0x00000000d6c00000, 0x0000000100000000)
  eden space 20992K, 100% used [0x00000000d5580000,0x00000000d6a00000,0x00000000d6a00000)
  from space 1024K, 53% used [0x00000000d6b00000,0x00000000d6b88000,0x00000000d6c00000)
  to   space 1024K, 0% used [0x00000000d6a00000,0x00000000d6a00000,0x00000000d6b00000)
 ParOldGen       total 79360K, used 78969K [0x0000000080000000, 0x0000000084d80000, 0x00000000d5580000)
  object space 79360K, 99% used [0x0000000080000000,0x0000000084d1e5a8,0x0000000084d80000)
 Metaspace       used 72051K, committed 73600K, reserved 1114112K
  class space    used 8446K, committed 9088K, reserved 1048576K
}
Event: 51.942 GC heap after
{Heap after GC invocations=80 (full 3):
 PSYoungGen      total 22016K, used 736K [0x00000000d5580000, 0x00000000d6c00000, 0x0000000100000000)
  eden space 20992K, 0% used [0x00000000d5580000,0x00000000d5580000,0x00000000d6a00000)
  from space 1024K, 71% used [0x00000000d6a00000,0x00000000d6ab8000,0x00000000d6b00000)
  to   space 1024K, 0% used [0x00000000d6b00000,0x00000000d6b00000,0x00000000d6c00000)
 ParOldGen       total 79360K, used 79358K [0x0000000080000000, 0x0000000084d80000, 0x00000000d5580000)
  object space 79360K, 99% used [0x0000000080000000,0x0000000084d7f900,0x0000000084d80000)
 Metaspace       used 72051K, committed 73600K, reserved 1114112K
  class space    used 8446K, committed 9088K, reserved 1048576K
}
Event: 52.715 GC heap before
{Heap before GC invocations=81 (full 3):
 PSYoungGen      total 22016K, used 21728K [0x00000000d5580000, 0x00000000d6c00000, 0x0000000100000000)
  eden space 20992K, 100% used [0x00000000d5580000,0x00000000d6a00000,0x00000000d6a00000)
  from space 1024K, 71% used [0x00000000d6a00000,0x00000000d6ab8000,0x00000000d6b00000)
  to   space 1024K, 0% used [0x00000000d6b00000,0x00000000d6b00000,0x00000000d6c00000)
 ParOldGen       total 79360K, used 79358K [0x0000000080000000, 0x0000000084d80000, 0x00000000d5580000)
  object space 79360K, 99% used [0x0000000080000000,0x0000000084d7f900,0x0000000084d80000)
 Metaspace       used 72596K, committed 74176K, reserved 1114112K
  class space    used 8493K, committed 9152K, reserved 1048576K
}
Event: 52.716 GC heap after
{Heap after GC invocations=81 (full 3):
 PSYoungGen      total 22016K, used 893K [0x00000000d5580000, 0x00000000d6c00000, 0x0000000100000000)
  eden space 20992K, 0% used [0x00000000d5580000,0x00000000d5580000,0x00000000d6a00000)
  from space 1024K, 87% used [0x00000000d6b00000,0x00000000d6bdf628,0x00000000d6c00000)
  to   space 1024K, 0% used [0x00000000d6a00000,0x00000000d6a00000,0x00000000d6b00000)
 ParOldGen       total 80384K, used 79898K [0x0000000080000000, 0x0000000084e80000, 0x00000000d5580000)
  object space 80384K, 99% used [0x0000000080000000,0x0000000084e06bc0,0x0000000084e80000)
 Metaspace       used 72596K, committed 74176K, reserved 1114112K
  class space    used 8493K, committed 9152K, reserved 1048576K
}
Event: 52.763 GC heap before
{Heap before GC invocations=82 (full 3):
 PSYoungGen      total 22016K, used 21885K [0x00000000d5580000, 0x00000000d6c00000, 0x0000000100000000)
  eden space 20992K, 100% used [0x00000000d5580000,0x00000000d6a00000,0x00000000d6a00000)
  from space 1024K, 87% used [0x00000000d6b00000,0x00000000d6bdf628,0x00000000d6c00000)
  to   space 1024K, 0% used [0x00000000d6a00000,0x00000000d6a00000,0x00000000d6b00000)
 ParOldGen       total 80384K, used 79898K [0x0000000080000000, 0x0000000084e80000, 0x00000000d5580000)
  object space 80384K, 99% used [0x0000000080000000,0x0000000084e06bc0,0x0000000084e80000)
 Metaspace       used 73187K, committed 74752K, reserved 1114112K
  class space    used 8583K, committed 9280K, reserved 1048576K
}
Event: 52.764 GC heap after
{Heap after GC invocations=82 (full 3):
 PSYoungGen      total 22016K, used 992K [0x00000000d5580000, 0x00000000d7000000, 0x0000000100000000)
  eden space 20992K, 0% used [0x00000000d5580000,0x00000000d5580000,0x00000000d6a00000)
  from space 1024K, 96% used [0x00000000d6a00000,0x00000000d6af8020,0x00000000d6b00000)
  to   space 3072K, 0% used [0x00000000d6d00000,0x00000000d6d00000,0x00000000d7000000)
 ParOldGen       total 81408K, used 81367K [0x0000000080000000, 0x0000000084f80000, 0x00000000d5580000)
  object space 81408K, 99% used [0x0000000080000000,0x0000000084f75da8,0x0000000084f80000)
 Metaspace       used 73187K, committed 74752K, reserved 1114112K
  class space    used 8583K, committed 9280K, reserved 1048576K
}
Event: 52.810 GC heap before
{Heap before GC invocations=83 (full 3):
 PSYoungGen      total 22016K, used 21984K [0x00000000d5580000, 0x00000000d7000000, 0x0000000100000000)
  eden space 20992K, 100% used [0x00000000d5580000,0x00000000d6a00000,0x00000000d6a00000)
  from space 1024K, 96% used [0x00000000d6a00000,0x00000000d6af8020,0x00000000d6b00000)
  to   space 3072K, 0% used [0x00000000d6d00000,0x00000000d6d00000,0x00000000d7000000)
 ParOldGen       total 81408K, used 81367K [0x0000000080000000, 0x0000000084f80000, 0x00000000d5580000)
  object space 81408K, 99% used [0x0000000080000000,0x0000000084f75da8,0x0000000084f80000)
 Metaspace       used 73669K, committed 75264K, reserved 1179648K
  class space    used 8616K, committed 9280K, reserved 1048576K
}
Event: 52.811 GC heap after
{Heap after GC invocations=83 (full 3):
 PSYoungGen      total 24064K, used 2548K [0x00000000d5580000, 0x00000000d7000000, 0x0000000100000000)
  eden space 20992K, 0% used [0x00000000d5580000,0x00000000d5580000,0x00000000d6a00000)
  from space 3072K, 82% used [0x00000000d6d00000,0x00000000d6f7d060,0x00000000d7000000)
  to   space 3072K, 0% used [0x00000000d6a00000,0x00000000d6a00000,0x00000000d6d00000)
 ParOldGen       total 82432K, used 82247K [0x0000000080000000, 0x0000000085080000, 0x00000000d5580000)
  object space 82432K, 99% used [0x0000000080000000,0x0000000085051db8,0x0000000085080000)
 Metaspace       used 73669K, committed 75264K, reserved 1179648K
  class space    used 8616K, committed 9280K, reserved 1048576K
}
Event: 52.830 GC heap before
{Heap before GC invocations=84 (full 3):
 PSYoungGen      total 24064K, used 23540K [0x00000000d5580000, 0x00000000d7000000, 0x0000000100000000)
  eden space 20992K, 100% used [0x00000000d5580000,0x00000000d6a00000,0x00000000d6a00000)
  from space 3072K, 82% used [0x00000000d6d00000,0x00000000d6f7d060,0x00000000d7000000)
  to   space 3072K, 0% used [0x00000000d6a00000,0x00000000d6a00000,0x00000000d6d00000)
 ParOldGen       total 82432K, used 82247K [0x0000000080000000, 0x0000000085080000, 0x00000000d5580000)
  object space 82432K, 99% used [0x0000000080000000,0x0000000085051db8,0x0000000085080000)
 Metaspace       used 73749K, committed 75328K, reserved 1179648K
  class space    used 8619K, committed 9280K, reserved 1048576K
}
Event: 52.831 GC heap after
{Heap after GC invocations=84 (full 3):
 PSYoungGen      total 22528K, used 1090K [0x00000000d5580000, 0x00000000d6e00000, 0x0000000100000000)
  eden space 20992K, 0% used [0x00000000d5580000,0x00000000d5580000,0x00000000d6a00000)
  from space 1536K, 70% used [0x00000000d6a00000,0x00000000d6b109a8,0x00000000d6b80000)
  to   space 2048K, 0% used [0x00000000d6c00000,0x00000000d6c00000,0x00000000d6e00000)
 ParOldGen       total 83968K, used 83778K [0x0000000080000000, 0x0000000085200000, 0x00000000d5580000)
  object space 83968K, 99% used [0x0000000080000000,0x00000000851d0a58,0x0000000085200000)
 Metaspace       used 73749K, committed 75328K, reserved 1179648K
  class space    used 8619K, committed 9280K, reserved 1048576K
}
Event: 53.004 GC heap before
{Heap before GC invocations=85 (full 3):
 PSYoungGen      total 22528K, used 22082K [0x00000000d5580000, 0x00000000d6e00000, 0x0000000100000000)
  eden space 20992K, 100% used [0x00000000d5580000,0x00000000d6a00000,0x00000000d6a00000)
  from space 1536K, 70% used [0x00000000d6a00000,0x00000000d6b109a8,0x00000000d6b80000)
  to   space 2048K, 0% used [0x00000000d6c00000,0x00000000d6c00000,0x00000000d6e00000)
 ParOldGen       total 83968K, used 83778K [0x0000000080000000, 0x0000000085200000, 0x00000000d5580000)
  object space 83968K, 99% used [0x0000000080000000,0x00000000851d0a58,0x0000000085200000)
 Metaspace       used 75982K, committed 77568K, reserved 1179648K
  class space    used 8842K, committed 9536K, reserved 1048576K
}
Event: 53.005 GC heap after
{Heap after GC invocations=85 (full 3):
 PSYoungGen      total 23040K, used 1629K [0x00000000d5580000, 0x00000000d6e00000, 0x0000000100000000)
  eden space 20992K, 0% used [0x00000000d5580000,0x00000000d5580000,0x00000000d6a00000)
  from space 2048K, 79% used [0x00000000d6c00000,0x00000000d6d97680,0x00000000d6e00000)
  to   space 2048K, 0% used [0x00000000d6a00000,0x00000000d6a00000,0x00000000d6c00000)
 ParOldGen       total 84480K, used 84196K [0x0000000080000000, 0x0000000085280000, 0x00000000d5580000)
  object space 84480K, 99% used [0x0000000080000000,0x0000000085239368,0x0000000085280000)
 Metaspace       used 75982K, committed 77568K, reserved 1179648K
  class space    used 8842K, committed 9536K, reserved 1048576K
}

Dll operation events (15 events):
Event: 0.007 Loaded shared library c:\Users\34254\.vscode\extensions\redhat.java-1.53.0-win32-x64\jre\21.0.10-win32-x86_64\bin\java.dll
Event: 0.027 Loaded shared library c:\Users\34254\.vscode\extensions\redhat.java-1.53.0-win32-x64\jre\21.0.10-win32-x86_64\bin\zip.dll
Event: 0.071 Loaded shared library C:\Users\34254\.vscode\extensions\redhat.java-1.53.0-win32-x64\jre\21.0.10-win32-x86_64\bin\instrument.dll
Event: 0.074 Loaded shared library C:\Users\34254\.vscode\extensions\redhat.java-1.53.0-win32-x64\jre\21.0.10-win32-x86_64\bin\net.dll
Event: 0.076 Loaded shared library C:\Users\34254\.vscode\extensions\redhat.java-1.53.0-win32-x64\jre\21.0.10-win32-x86_64\bin\nio.dll
Event: 0.077 Loaded shared library C:\Users\34254\.vscode\extensions\redhat.java-1.53.0-win32-x64\jre\21.0.10-win32-x86_64\bin\zip.dll
Event: 0.090 Loaded shared library C:\Users\34254\.vscode\extensions\redhat.java-1.53.0-win32-x64\jre\21.0.10-win32-x86_64\bin\jimage.dll
Event: 0.138 Loaded shared library c:\Users\34254\.vscode\extensions\redhat.java-1.53.0-win32-x64\jre\21.0.10-win32-x86_64\bin\verify.dll
Event: 7.899 Loaded shared library C:\Users\34254\AppData\Roaming\Code\User\globalStorage\redhat.java\1.53.0\config_win\org.eclipse.equinox.launcher\org.eclipse.equinox.launcher.win32.win32.x86_64_1.3.0.v20260203-2149\eclipse_11919.dll
Event: 18.158 Loaded shared library C:\Users\34254\AppData\Local\Temp\jna-48698448\jna1537308770160272518.dll
Event: 18.920 Loaded shared library C:\Users\34254\.vscode\extensions\redhat.java-1.53.0-win32-x64\jre\21.0.10-win32-x86_64\bin\sunmscapi.dll
Event: 19.260 Loaded shared library C:\Users\34254\.vscode\extensions\redhat.java-1.53.0-win32-x64\jre\21.0.10-win32-x86_64\bin\extnet.dll
Event: 23.909 Loaded shared library C:\Users\34254\.gradle\native\660c5614fbf4a5f2a75b1949f50a0caf5cd603558e7d8a26e50b933a0cfb79d1\windows-amd64\native-platform.dll
Event: 34.425 Loaded shared library C:\Users\34254\.vscode\extensions\redhat.java-1.53.0-win32-x64\jre\21.0.10-win32-x86_64\bin\management.dll
Event: 34.426 Loaded shared library C:\Users\34254\.vscode\extensions\redhat.java-1.53.0-win32-x64\jre\21.0.10-win32-x86_64\bin\management_ext.dll

Deoptimization events (20 events):
Event: 59.430 Thread 0x00000254cc3f3500 Uncommon trap: trap_request=0xffffffde fr.pc=0x00000254f6f184b0 relative=0x00000000000004d0
Event: 59.430 Thread 0x00000254cc3f3500 Uncommon trap: reason=class_check action=maybe_recompile pc=0x00000254f6f184b0 method=java.util.AbstractMap.hashCode()I @ 3 c2
Event: 59.430 Thread 0x00000254cc3f3500 DEOPT PACKING pc=0x00000254f6f184b0 sp=0x000000dfe7efe0e0
Event: 59.430 Thread 0x00000254cc3f3500 DEOPT UNPACKING pc=0x00000254f63a3aa2 sp=0x000000dfe7efe088 mode 2
Event: 59.438 Thread 0x00000254cc3f3500 Uncommon trap: trap_request=0xffffffde fr.pc=0x00000254f6f184b0 relative=0x00000000000004d0
Event: 59.438 Thread 0x00000254cc3f3500 Uncommon trap: reason=class_check action=maybe_recompile pc=0x00000254f6f184b0 method=java.util.AbstractMap.hashCode()I @ 3 c2
Event: 59.438 Thread 0x00000254cc3f3500 DEOPT PACKING pc=0x00000254f6f184b0 sp=0x000000dfe7efe0e0
Event: 59.438 Thread 0x00000254cc3f3500 DEOPT UNPACKING pc=0x00000254f63a3aa2 sp=0x000000dfe7efe088 mode 2
Event: 59.443 Thread 0x00000254cc3f3500 DEOPT PACKING pc=0x00000254efda19fe sp=0x000000dfe7efdbe0
Event: 59.443 Thread 0x00000254cc3f3500 DEOPT UNPACKING pc=0x00000254f63a4242 sp=0x000000dfe7efd078 mode 0
Event: 59.444 Thread 0x00000254cc3f3500 Uncommon trap: trap_request=0xffffffde fr.pc=0x00000254f6f184b0 relative=0x00000000000004d0
Event: 59.444 Thread 0x00000254cc3f3500 Uncommon trap: reason=class_check action=maybe_recompile pc=0x00000254f6f184b0 method=java.util.AbstractMap.hashCode()I @ 3 c2
Event: 59.444 Thread 0x00000254cc3f3500 DEOPT PACKING pc=0x00000254f6f184b0 sp=0x000000dfe7efe0e0
Event: 59.444 Thread 0x00000254cc3f3500 DEOPT UNPACKING pc=0x00000254f63a3aa2 sp=0x000000dfe7efe088 mode 2
Event: 59.448 Thread 0x00000254cc3f3500 Uncommon trap: trap_request=0xffffffde fr.pc=0x00000254f6f184b0 relative=0x00000000000004d0
Event: 59.448 Thread 0x00000254cc3f3500 Uncommon trap: reason=class_check action=maybe_recompile pc=0x00000254f6f184b0 method=java.util.AbstractMap.hashCode()I @ 3 c2
Event: 59.448 Thread 0x00000254cc3f3500 DEOPT PACKING pc=0x00000254f6f184b0 sp=0x000000dfe7efe0e0
Event: 59.448 Thread 0x00000254cc3f3500 DEOPT UNPACKING pc=0x00000254f63a3aa2 sp=0x000000dfe7efe088 mode 2
Event: 27411.153 Thread 0x00000254cc3f7d30 DEOPT PACKING pc=0x00000254f045402b sp=0x000000dfe74ff170
Event: 27411.155 Thread 0x00000254cc3f7d30 DEOPT UNPACKING pc=0x00000254f63a4242 sp=0x000000dfe74fe658 mode 0

Classes loaded (20 events):
Event: 46.266 Loading class java/nio/StringCharBuffer
Event: 46.266 Loading class java/nio/StringCharBuffer done
Event: 46.346 Loading class java/util/AbstractList$RandomAccessSubList
Event: 46.346 Loading class java/util/AbstractList$SubList
Event: 46.347 Loading class java/util/AbstractList$SubList done
Event: 46.347 Loading class java/util/AbstractList$RandomAccessSubList done
Event: 46.347 Loading class java/util/AbstractList$SubList$1
Event: 46.347 Loading class java/util/AbstractList$SubList$1 done
Event: 52.733 Loading class java/util/HashMap$EntrySpliterator
Event: 52.733 Loading class java/util/HashMap$EntrySpliterator done
Event: 52.743 Loading class java/util/stream/ReduceOps$4
Event: 52.743 Loading class java/util/stream/ReduceOps$4 done
Event: 52.743 Loading class java/util/stream/ReduceOps$4ReducingSink
Event: 52.743 Loading class java/util/stream/ReduceOps$4ReducingSink done
Event: 52.756 Loading class java/nio/file/Files$2
Event: 52.757 Loading class java/nio/file/Files$2 done
Event: 59.428 Loading class java/lang/Throwable$WrappedPrintWriter
Event: 59.428 Loading class java/lang/Throwable$PrintStreamOrWriter
Event: 59.428 Loading class java/lang/Throwable$PrintStreamOrWriter done
Event: 59.428 Loading class java/lang/Throwable$WrappedPrintWriter done

Classes unloaded (7 events):
Event: 18.434 Thread 0x00000254ebd9ebd0 Unloading class 0x00000254851a2400 'java/lang/invoke/LambdaForm$MH+0x00000254851a2400'
Event: 18.434 Thread 0x00000254ebd9ebd0 Unloading class 0x00000254851a2000 'java/lang/invoke/LambdaForm$MH+0x00000254851a2000'
Event: 18.434 Thread 0x00000254ebd9ebd0 Unloading class 0x00000254851a1c00 'java/lang/invoke/LambdaForm$MH+0x00000254851a1c00'
Event: 18.434 Thread 0x00000254ebd9ebd0 Unloading class 0x00000254851a1800 'java/lang/invoke/LambdaForm$MH+0x00000254851a1800'
Event: 18.434 Thread 0x00000254ebd9ebd0 Unloading class 0x00000254851a1400 'java/lang/invoke/LambdaForm$BMH+0x00000254851a1400'
Event: 18.434 Thread 0x00000254ebd9ebd0 Unloading class 0x00000254851a1000 'java/lang/invoke/LambdaForm$DMH+0x00000254851a1000'
Event: 18.434 Thread 0x00000254ebd9ebd0 Unloading class 0x00000254851a0000 'java/lang/invoke/LambdaForm$DMH+0x00000254851a0000'

Classes redefined (0 events):
No events

Internal exceptions (20 events):
Event: 46.306 Thread 0x00000254cb984b90 Exception <a 'sun/nio/fs/WindowsException'{0x00000000d565ebe8}> (0x00000000d565ebe8) 
thrown [s\src\hotspot\share\prims\jni.cpp, line 520]
Event: 46.315 Thread 0x00000254cc3f27e0 Exception <a 'java/lang/NoSuchMethodError'{0x00000000d56e3650}: 'java.lang.Object java.lang.invoke.DirectMethodHandle$Holder.invokeStaticInit(java.lang.Object, java.lang.Object, java.lang.Object)'> (0x00000000d56e3650) 
thrown [s\src\hotspot\share\interpreter\linkResolver.cpp, line 773]
Event: 46.361 Thread 0x00000254cb984b90 Exception <a 'sun/nio/fs/WindowsException'{0x00000000d5877750}> (0x00000000d5877750) 
thrown [s\src\hotspot\share\prims\jni.cpp, line 520]
Event: 46.361 Thread 0x00000254cb984b90 Exception <a 'sun/nio/fs/WindowsException'{0x00000000d5885ce0}> (0x00000000d5885ce0) 
thrown [s\src\hotspot\share\prims\jni.cpp, line 520]
Event: 46.562 Thread 0x00000254cdff1650 Exception <a 'java/lang/NoSuchMethodError'{0x00000000d696da08}: 'java.lang.Object java.lang.invoke.DirectMethodHandle$Holder.invokeSpecial(java.lang.Object, java.lang.Object, int, long)'> (0x00000000d696da08) 
thrown [s\src\hotspot\share\interpreter\linkResolver.cpp, line 773]
Event: 47.197 Thread 0x00000254cdff57f0 Implicit null exception at 0x00000254f708a6c8 to 0x00000254f708b300
Event: 52.701 Thread 0x00000254cc3f3500 Exception <a 'java/lang/IncompatibleClassChangeError'{0x00000000d6729310}: Found class java.lang.Object, but interface was expected> (0x00000000d6729310) 
thrown [s\src\hotspot\share\interpreter\linkResolver.cpp, line 840]
Event: 52.745 Thread 0x00000254cdff57f0 Exception <a 'java/lang/NoSuchMethodError'{0x00000000d66c8b20}: 'int java.lang.invoke.DirectMethodHandle$Holder.invokeSpecialIFC(java.lang.Object, java.lang.Object, java.lang.Object)'> (0x00000000d66c8b20) 
thrown [s\src\hotspot\share\interpreter\linkResolver.cpp, line 773]
Event: 52.765 Thread 0x00000254cc3f3500 Exception <a 'java/lang/LinkageError'{0x00000000d55bed58}: loader lombok.launch.ShadowClassLoader @23899823 attempted duplicate class definition for lombok.launch.PatchFixesHider$Delegate. (lombok.launch.PatchFixesHider$Delegate is in unnamed module of loader lombok.launch.ShadowClassLoader @23899823, parent loader org.eclipse.osgi.internal.loader.EquinoxClassLoader @47f7f418)> (0x00000000d55bed58) 
thrown [s\src\hotspot\share\classfile\systemDictionary.cpp, line 1672]
Event: 52.861 Thread 0x00000254cc3f3500 Exception <a 'java/lang/LinkageError'{0x00000000d5d413b0}: loader lombok.launch.ShadowClassLoader @23899823 attempted duplicate class definition for lombok.launch.PatchFixesHider$ExtensionMethod. (lombok.launch.PatchFixesHider$ExtensionMethod is in unnamed module of loader lombok.launch.ShadowClassLoader @23899823, parent loader org.eclipse.osgi.internal.loader.EquinoxClassLoader @47f7f418)> (0x00000000d5d413b0) 
thrown [s\src\hotspot\share\classfile\systemDictionary.cpp, line 1672]
Event: 52.893 Thread 0x00000254cdff57f0 Exception <a 'java/lang/NoSuchMethodError'{0x00000000d6237e80}: 'void java.lang.invoke.DirectMethodHandle$Holder.invokeStatic(java.lang.Object, int, java.lang.Object)'> (0x00000000d6237e80) 
thrown [s\src\hotspot\share\interpreter\linkResolver.cpp, line 773]
Event: 52.940 Thread 0x00000254cb985f40 Exception <a 'java/lang/NoSuchMethodError'{0x00000000d64176c8}: 'java.lang.Object java.lang.invoke.DirectMethodHandle$Holder.invokeStatic(java.lang.Object, java.lang.Object, int, java.lang.Object)'> (0x00000000d64176c8) 
thrown [s\src\hotspot\share\interpreter\linkResolver.cpp, line 773]
Event: 52.941 Thread 0x00000254cb985f40 Exception <a 'java/lang/NoSuchMethodError'{0x00000000d641ddd8}: 'java.lang.Object java.lang.invoke.DirectMethodHandle$Holder.newInvokeSpecial(java.lang.Object, java.lang.Object, int)'> (0x00000000d641ddd8) 
thrown [s\src\hotspot\share\interpreter\linkResolver.cpp, line 773]
Event: 52.962 Thread 0x00000254cdff57f0 Exception <a 'java/io/FileNotFoundException'{0x00000000d6543410}> (0x00000000d6543410) 
thrown [s\src\hotspot\share\prims\jni.cpp, line 520]
Event: 52.962 Thread 0x00000254cdff57f0 Exception <a 'java/io/FileNotFoundException'{0x00000000d6544768}> (0x00000000d6544768) 
thrown [s\src\hotspot\share\prims\jni.cpp, line 520]
Event: 52.962 Thread 0x00000254cdff57f0 Exception <a 'java/io/FileNotFoundException'{0x00000000d65456b8}> (0x00000000d65456b8) 
thrown [s\src\hotspot\share\prims\jni.cpp, line 520]
Event: 58.279 Thread 0x00000254cdff1650 Exception <a 'sun/nio/fs/WindowsException'{0x00000000d57a3d58}> (0x00000000d57a3d58) 
thrown [s\src\hotspot\share\prims\jni.cpp, line 520]
Event: 58.279 Thread 0x00000254cdff1650 Exception <a 'sun/nio/fs/WindowsException'{0x00000000d57a46d0}> (0x00000000d57a46d0) 
thrown [s\src\hotspot\share\prims\jni.cpp, line 520]
Event: 58.283 Thread 0x00000254cdff1650 Exception <a 'sun/nio/fs/WindowsException'{0x00000000d58232f0}> (0x00000000d58232f0) 
thrown [s\src\hotspot\share\prims\jni.cpp, line 520]
Event: 58.283 Thread 0x00000254cdff1650 Exception <a 'sun/nio/fs/WindowsException'{0x00000000d5823c50}> (0x00000000d5823c50) 
thrown [s\src\hotspot\share\prims\jni.cpp, line 520]

ZGC Phase Switch (0 events):
No events

VM Operations (20 events):
Event: 29402.716 Executing non-safepoint VM operation: HandshakeAllThreads (HandshakeForDeflation)
Event: 29402.716 Executing non-safepoint VM operation: HandshakeAllThreads (HandshakeForDeflation) done
Event: 29402.716 Executing non-safepoint VM operation: RendezvousGCThreads
Event: 29402.716 Executing non-safepoint VM operation: RendezvousGCThreads done
Event: 29462.831 Executing non-safepoint VM operation: HandshakeAllThreads (HandshakeForDeflation)
Event: 29462.832 Executing non-safepoint VM operation: HandshakeAllThreads (HandshakeForDeflation) done
Event: 29462.832 Executing non-safepoint VM operation: RendezvousGCThreads
Event: 29462.832 Executing non-safepoint VM operation: RendezvousGCThreads done
Event: 29583.291 Executing non-safepoint VM operation: HandshakeAllThreads (HandshakeForDeflation)
Event: 29583.291 Executing non-safepoint VM operation: HandshakeAllThreads (HandshakeForDeflation) done
Event: 29583.291 Executing non-safepoint VM operation: RendezvousGCThreads
Event: 29583.291 Executing non-safepoint VM operation: RendezvousGCThreads done
Event: 29643.454 Executing non-safepoint VM operation: HandshakeAllThreads (HandshakeForDeflation)
Event: 29643.454 Executing non-safepoint VM operation: HandshakeAllThreads (HandshakeForDeflation) done
Event: 29643.454 Executing non-safepoint VM operation: RendezvousGCThreads
Event: 29643.454 Executing non-safepoint VM operation: RendezvousGCThreads done
Event: 29763.777 Executing non-safepoint VM operation: HandshakeAllThreads (HandshakeForDeflation)
Event: 29763.777 Executing non-safepoint VM operation: HandshakeAllThreads (HandshakeForDeflation) done
Event: 29763.777 Executing non-safepoint VM operation: RendezvousGCThreads
Event: 29763.777 Executing non-safepoint VM operation: RendezvousGCThreads done

Memory protections (0 events):
No events

Nmethod flushes (20 events):
Event: 34.373 Thread 0x00000254ebd9ebd0 flushing  nmethod 0x00000254ef854110
Event: 34.373 Thread 0x00000254ebd9ebd0 flushing  nmethod 0x00000254ef855b90
Event: 34.373 Thread 0x00000254ebd9ebd0 flushing  nmethod 0x00000254ef86f490
Event: 34.373 Thread 0x00000254ebd9ebd0 flushing  nmethod 0x00000254ef86fa10
Event: 34.373 Thread 0x00000254ebd9ebd0 flushing  nmethod 0x00000254ef86fe90
Event: 34.373 Thread 0x00000254ebd9ebd0 flushing  nmethod 0x00000254ef871390
Event: 34.373 Thread 0x00000254ebd9ebd0 flushing  nmethod 0x00000254ef871710
Event: 34.373 Thread 0x00000254ebd9ebd0 flushing  nmethod 0x00000254ef871e90
Event: 34.373 Thread 0x00000254ebd9ebd0 flushing  nmethod 0x00000254ef884110
Event: 34.373 Thread 0x00000254ebd9ebd0 flushing  nmethod 0x00000254ef891310
Event: 34.373 Thread 0x00000254ebd9ebd0 flushing  nmethod 0x00000254ef89af10
Event: 34.373 Thread 0x00000254ebd9ebd0 flushing  nmethod 0x00000254ef8b6a10
Event: 34.373 Thread 0x00000254ebd9ebd0 flushing osr nmethod 0x00000254ef8e5090
Event: 34.373 Thread 0x00000254ebd9ebd0 flushing  nmethod 0x00000254ef8f1d10
Event: 34.373 Thread 0x00000254ebd9ebd0 flushing  nmethod 0x00000254ef8f2010
Event: 34.373 Thread 0x00000254ebd9ebd0 flushing  nmethod 0x00000254ef974690
Event: 34.373 Thread 0x00000254ebd9ebd0 flushing  nmethod 0x00000254ef97ab10
Event: 34.373 Thread 0x00000254ebd9ebd0 flushing  nmethod 0x00000254ef97af10
Event: 34.373 Thread 0x00000254ebd9ebd0 flushing  nmethod 0x00000254ef97b310
Event: 34.373 Thread 0x00000254ebd9ebd0 flushing  nmethod 0x00000254ef98f690

Events (20 events):
Event: 118.279 Thread 0x00000254cb984b90 Thread exited: 0x00000254cb984b90
Event: 118.332 Thread 0x00000254cb985f40 Thread exited: 0x00000254cb985f40
Event: 119.459 Thread 0x00000254cc3f3500 Thread exited: 0x00000254cc3f3500
Event: 178.188 Thread 0x00000254cb983150 Thread exited: 0x00000254cb983150
Event: 179.460 Thread 0x00000254cc3f27e0 Thread exited: 0x00000254cc3f27e0
Event: 179.464 Thread 0x00000254cb9872f0 Thread added: 0x00000254cc3f27e0
Event: 239.460 Thread 0x00000254cc3f0710 Thread exited: 0x00000254cc3f0710
Event: 239.465 Thread 0x00000254cb9872f0 Thread exited: 0x00000254cb9872f0
Event: 299.460 Thread 0x00000254cc3f7010 Thread exited: 0x00000254cc3f7010
Event: 359.468 Thread 0x00000254cc3f76a0 Thread exited: 0x00000254cc3f76a0
Event: 419.468 Thread 0x00000254cc3f6980 Thread exited: 0x00000254cc3f6980
Event: 479.469 Thread 0x00000254cc3f1ac0 Thread exited: 0x00000254cc3f1ac0
Event: 539.477 Thread 0x00000254cc3f55d0 Thread exited: 0x00000254cc3f55d0
Event: 599.477 Thread 0x00000254cdff3720 Thread exited: 0x00000254cdff3720
Event: 659.478 Thread 0x00000254cc3f4f40 Thread exited: 0x00000254cc3f4f40
Event: 719.486 Thread 0x00000254cc3f3b90 Thread exited: 0x00000254cc3f3b90
Event: 779.500 Thread 0x00000254cdff3090 Thread exited: 0x00000254cdff3090
Event: 839.502 Thread 0x00000254cc3f48b0 Thread exited: 0x00000254cc3f48b0
Event: 899.507 Thread 0x00000254cc3f2150 Thread exited: 0x00000254cc3f2150
Event: 959.518 Thread 0x00000254cdff4ad0 Thread exited: 0x00000254cdff4ad0


Dynamic libraries:
0x00007ff6f97b0000 - 0x00007ff6f97be000 	c:\Users\34254\.vscode\extensions\redhat.java-1.53.0-win32-x64\jre\21.0.10-win32-x86_64\bin\java.exe
0x00007ffdb7a50000 - 0x00007ffdb7c68000 	C:\Windows\SYSTEM32\ntdll.dll
0x00007ffdb6fb0000 - 0x00007ffdb7074000 	C:\Windows\System32\KERNEL32.DLL
0x00007ffdb4db0000 - 0x00007ffdb5183000 	C:\Windows\System32\KERNELBASE.dll
0x00007ffdb53d0000 - 0x00007ffdb54e1000 	C:\Windows\System32\ucrtbase.dll
0x00007ffd5eb20000 - 0x00007ffd5eb38000 	c:\Users\34254\.vscode\extensions\redhat.java-1.53.0-win32-x64\jre\21.0.10-win32-x86_64\bin\jli.dll
0x00007ffd57690000 - 0x00007ffd576ae000 	c:\Users\34254\.vscode\extensions\redhat.java-1.53.0-win32-x64\jre\21.0.10-win32-x86_64\bin\VCRUNTIME140.dll
0x00007ffdb6800000 - 0x00007ffdb69b2000 	C:\Windows\System32\USER32.dll
0x00007ffdb5190000 - 0x00007ffdb51b6000 	C:\Windows\System32\win32u.dll
0x00007ffd955e0000 - 0x00007ffd9587c000 	C:\Windows\WinSxS\amd64_microsoft.windows.common-controls_6595b64144ccf1df_6.0.22621.6060_none_2712eda17382d24b\COMCTL32.dll
0x00007ffdb58e0000 - 0x00007ffdb5909000 	C:\Windows\System32\GDI32.dll
0x00007ffdb5d90000 - 0x00007ffdb5e37000 	C:\Windows\System32\msvcrt.dll
0x00007ffdb4c10000 - 0x00007ffdb4d2b000 	C:\Windows\System32\gdi32full.dll
0x00007ffdb51c0000 - 0x00007ffdb525a000 	C:\Windows\System32\msvcp_win.dll
0x00007ffdb58a0000 - 0x00007ffdb58d1000 	C:\Windows\System32\IMM32.DLL
0x00007ffd7c7f0000 - 0x00007ffd7c7fc000 	c:\Users\34254\.vscode\extensions\redhat.java-1.53.0-win32-x64\jre\21.0.10-win32-x86_64\bin\vcruntime140_1.dll
0x00007ffd566c0000 - 0x00007ffd5674d000 	c:\Users\34254\.vscode\extensions\redhat.java-1.53.0-win32-x64\jre\21.0.10-win32-x86_64\bin\msvcp140.dll
0x00007ffc6fcc0000 - 0x00007ffc70a61000 	c:\Users\34254\.vscode\extensions\redhat.java-1.53.0-win32-x64\jre\21.0.10-win32-x86_64\bin\server\jvm.dll
0x00007ffdb7080000 - 0x00007ffdb7131000 	C:\Windows\System32\ADVAPI32.dll
0x00007ffdb73f0000 - 0x00007ffdb7498000 	C:\Windows\System32\sechost.dll
0x00007ffdb4b60000 - 0x00007ffdb4b88000 	C:\Windows\System32\bcrypt.dll
0x00007ffdb66e0000 - 0x00007ffdb67f8000 	C:\Windows\System32\RPCRT4.dll
0x00007ffdb6aa0000 - 0x00007ffdb6b11000 	C:\Windows\System32\WS2_32.dll
0x00007ffdb3970000 - 0x00007ffdb39bd000 	C:\Windows\SYSTEM32\POWRPROF.dll
0x00007ffdab460000 - 0x00007ffdab494000 	C:\Windows\SYSTEM32\WINMM.dll
0x00007ffdaada0000 - 0x00007ffdaadaa000 	C:\Windows\SYSTEM32\VERSION.dll
0x00007ffdb3950000 - 0x00007ffdb3963000 	C:\Windows\SYSTEM32\UMPDC.dll
0x00007ffdb3bf0000 - 0x00007ffdb3c08000 	C:\Windows\SYSTEM32\kernel.appcore.dll
0x00007ffd5b8c0000 - 0x00007ffd5b8ca000 	c:\Users\34254\.vscode\extensions\redhat.java-1.53.0-win32-x64\jre\21.0.10-win32-x86_64\bin\jimage.dll
0x00007ffdb2430000 - 0x00007ffdb2663000 	C:\Windows\SYSTEM32\DBGHELP.DLL
0x00007ffdb7500000 - 0x00007ffdb7891000 	C:\Windows\System32\combase.dll
0x00007ffdb7270000 - 0x00007ffdb7348000 	C:\Windows\System32\OLEAUT32.dll
0x00007ffd97ff0000 - 0x00007ffd98022000 	C:\Windows\SYSTEM32\dbgcore.DLL
0x00007ffdb4d30000 - 0x00007ffdb4dab000 	C:\Windows\System32\bcryptPrimitives.dll
0x00007ffd583b0000 - 0x00007ffd583bf000 	c:\Users\34254\.vscode\extensions\redhat.java-1.53.0-win32-x64\jre\21.0.10-win32-x86_64\bin\instrument.dll
0x00007ffd57550000 - 0x00007ffd57570000 	c:\Users\34254\.vscode\extensions\redhat.java-1.53.0-win32-x64\jre\21.0.10-win32-x86_64\bin\java.dll
0x00007ffdb5e40000 - 0x00007ffdb66dc000 	C:\Windows\System32\SHELL32.dll
0x00007ffdb55b0000 - 0x00007ffdb56ef000 	C:\Windows\System32\wintypes.dll
0x00007ffdb2a20000 - 0x00007ffdb333a000 	C:\Windows\SYSTEM32\windows.storage.dll
0x00007ffdb7160000 - 0x00007ffdb7264000 	C:\Windows\System32\SHCORE.dll
0x00007ffdb69c0000 - 0x00007ffdb6a29000 	C:\Windows\System32\shlwapi.dll
0x00007ffdb4a90000 - 0x00007ffdb4ab5000 	C:\Windows\SYSTEM32\profapi.dll
0x00007ffd57290000 - 0x00007ffd572a8000 	c:\Users\34254\.vscode\extensions\redhat.java-1.53.0-win32-x64\jre\21.0.10-win32-x86_64\bin\zip.dll
0x00007ffd58e40000 - 0x00007ffd58e50000 	C:\Users\34254\.vscode\extensions\redhat.java-1.53.0-win32-x64\jre\21.0.10-win32-x86_64\bin\net.dll
0x00007ffdae1d0000 - 0x00007ffdae2fc000 	C:\Windows\SYSTEM32\WINHTTP.dll
0x00007ffdb40b0000 - 0x00007ffdb4119000 	C:\Windows\system32\mswsock.dll
0x00007ffd297c0000 - 0x00007ffd297d6000 	C:\Users\34254\.vscode\extensions\redhat.java-1.53.0-win32-x64\jre\21.0.10-win32-x86_64\bin\nio.dll
0x00007ffd57280000 - 0x00007ffd57290000 	c:\Users\34254\.vscode\extensions\redhat.java-1.53.0-win32-x64\jre\21.0.10-win32-x86_64\bin\verify.dll
0x00007ffc98560000 - 0x00007ffc985a5000 	C:\Users\34254\AppData\Roaming\Code\User\globalStorage\redhat.java\1.53.0\config_win\org.eclipse.equinox.launcher\org.eclipse.equinox.launcher.win32.win32.x86_64_1.3.0.v20260203-2149\eclipse_11919.dll
0x00007ffdb6cf0000 - 0x00007ffdb6e91000 	C:\Windows\System32\ole32.dll
0x00007ffdb4350000 - 0x00007ffdb436b000 	C:\Windows\SYSTEM32\CRYPTSP.dll
0x00007ffdb3b50000 - 0x00007ffdb3b87000 	C:\Windows\system32\rsaenh.dll
0x00007ffdb4150000 - 0x00007ffdb4178000 	C:\Windows\SYSTEM32\USERENV.dll
0x00007ffdb42b0000 - 0x00007ffdb42bc000 	C:\Windows\SYSTEM32\CRYPTBASE.dll
0x00007ffdb3610000 - 0x00007ffdb363d000 	C:\Windows\SYSTEM32\IPHLPAPI.DLL
0x00007ffdb78a0000 - 0x00007ffdb78a9000 	C:\Windows\System32\NSI.dll
0x00007ffd57450000 - 0x00007ffd57499000 	C:\Users\34254\AppData\Local\Temp\jna-48698448\jna1537308770160272518.dll
0x00007ffdb5800000 - 0x00007ffdb5808000 	C:\Windows\System32\PSAPI.DLL
0x00007ffdadff0000 - 0x00007ffdae009000 	C:\Windows\SYSTEM32\dhcpcsvc6.DLL
0x00007ffdade90000 - 0x00007ffdadeaf000 	C:\Windows\SYSTEM32\dhcpcsvc.DLL
0x00007ffd49fc0000 - 0x00007ffd49fce000 	C:\Users\34254\.vscode\extensions\redhat.java-1.53.0-win32-x64\jre\21.0.10-win32-x86_64\bin\sunmscapi.dll
0x00007ffdb5260000 - 0x00007ffdb53c8000 	C:\Windows\System32\CRYPT32.dll
0x00007ffdb4500000 - 0x00007ffdb452e000 	C:\Windows\SYSTEM32\ncrypt.dll
0x00007ffdb44c0000 - 0x00007ffdb44f7000 	C:\Windows\SYSTEM32\NTASN1.dll
0x00007ffdb3680000 - 0x00007ffdb3778000 	C:\Windows\SYSTEM32\DNSAPI.dll
0x00007ffdad3a0000 - 0x00007ffdad3aa000 	C:\Windows\System32\rasadhlp.dll
0x00007ffdad3b0000 - 0x00007ffdad434000 	C:\Windows\System32\fwpuclnt.dll
0x00007ffd297b0000 - 0x00007ffd297b9000 	C:\Users\34254\.vscode\extensions\redhat.java-1.53.0-win32-x64\jre\21.0.10-win32-x86_64\bin\extnet.dll
0x00007ffc79700000 - 0x00007ffc79727000 	C:\Users\34254\.gradle\native\660c5614fbf4a5f2a75b1949f50a0caf5cd603558e7d8a26e50b933a0cfb79d1\windows-amd64\native-platform.dll
0x00007ffd569b0000 - 0x00007ffd569ba000 	C:\Users\34254\.vscode\extensions\redhat.java-1.53.0-win32-x64\jre\21.0.10-win32-x86_64\bin\management.dll
0x00007ffd566b0000 - 0x00007ffd566bc000 	C:\Users\34254\.vscode\extensions\redhat.java-1.53.0-win32-x64\jre\21.0.10-win32-x86_64\bin\management_ext.dll
0x00007ffd7c9e0000 - 0x00007ffd7c9e8000 	C:\Windows\system32\wshunix.dll

JVMTI agents:
c:\Users\34254\.vscode\extensions\redhat.java-1.53.0-win32-x64\lombok\lombok-1.18.39-4050.jar path:c:\Users\34254\.vscode\extensions\redhat.java-1.53.0-win32-x64\jre\21.0.10-win32-x86_64\bin\instrument.dll, loaded, initialized, instrumentlib options:none

dbghelp: loaded successfully - version: 4.0.5 - missing functions: none
symbol engine: initialized successfully - sym options: 0x614 - pdb path: .;c:\Users\34254\.vscode\extensions\redhat.java-1.53.0-win32-x64\jre\21.0.10-win32-x86_64\bin;C:\Windows\SYSTEM32;C:\Windows\WinSxS\amd64_microsoft.windows.common-controls_6595b64144ccf1df_6.0.22621.6060_none_2712eda17382d24b;c:\Users\34254\.vscode\extensions\redhat.java-1.53.0-win32-x64\jre\21.0.10-win32-x86_64\bin\server;C:\Users\34254\AppData\Roaming\Code\User\globalStorage\redhat.java\1.53.0\config_win\org.eclipse.equinox.launcher\org.eclipse.equinox.launcher.win32.win32.x86_64_1.3.0.v20260203-2149;C:\Users\34254\AppData\Local\Temp\jna-48698448;C:\Users\34254\.gradle\native\660c5614fbf4a5f2a75b1949f50a0caf5cd603558e7d8a26e50b933a0cfb79d1\windows-amd64

VM Arguments:
jvm_args: --add-modules=ALL-SYSTEM --add-opens=java.base/java.util=ALL-UNNAMED --add-opens=java.base/java.lang=ALL-UNNAMED --add-opens=java.base/sun.nio.fs=ALL-UNNAMED -Declipse.application=org.eclipse.jdt.ls.core.id1 -Dosgi.bundles.defaultStartLevel=4 -Declipse.product=org.eclipse.jdt.ls.core.product -Djava.import.generatesMetadataFilesAtProjectRoot=false -DDetectVMInstallationsJob.disabled=true -Dfile.encoding=utf8 -XX:+UseParallelGC -XX:GCTimeRatio=4 -XX:AdaptiveSizePolicyWeight=90 -Dsun.zip.disableMemoryMapping=true -Xmx2G -Xms100m -Xlog:disable -javaagent:c:\Users\34254\.vscode\extensions\redhat.java-1.53.0-win32-x64\lombok\lombok-1.18.39-4050.jar -XX:+HeapDumpOnOutOfMemoryError -XX:HeapDumpPath=c:\Users\34254\AppData\Roaming\Code\User\workspaceStorage\11a8cb3c3341c91eef7ece94f8f3fc9b\redhat.java -Daether.dependencyCollector.impl=bf 
java_command: c:\Users\34254\.vscode\extensions\redhat.java-1.53.0-win32-x64\server\plugins\org.eclipse.equinox.launcher_1.7.100.v20251111-0406.jar -configuration c:\Users\34254\AppData\Roaming\Code\User\globalStorage\redhat.java\1.53.0\config_win -data c:\Users\34254\AppData\Roaming\Code\User\workspaceStorage\11a8cb3c3341c91eef7ece94f8f3fc9b\redhat.java\jdt_ws --pipe=\\.\pipe\lsp-abe9a8a0019e016a0facf74bb1e763e9-sock
java_class_path (initial): c:\Users\34254\.vscode\extensions\redhat.java-1.53.0-win32-x64\server\plugins\org.eclipse.equinox.launcher_1.7.100.v20251111-0406.jar
Launcher Type: SUN_STANDARD

[Global flags]
    uintx AdaptiveSizePolicyWeight                 = 90                                        {product} {command line}
     intx CICompilerCount                          = 12                                        {product} {ergonomic}
    uintx GCTimeRatio                              = 4                                         {product} {command line}
     bool HeapDumpOnOutOfMemoryError               = true                                   {manageable} {command line}
    ccstr HeapDumpPath                             = c:\Users\34254\AppData\Roaming\Code\User\workspaceStorage\11a8cb3c3341c91eef7ece94f8f3fc9b\redhat.java         {manageable} {command line}
   size_t InitialHeapSize                          = 104857600                                 {product} {command line}
   size_t MaxHeapSize                              = 2147483648                                {product} {command line}
   size_t MaxNewSize                               = 715653120                                 {product} {ergonomic}
   size_t MinHeapDeltaBytes                        = 524288                                    {product} {ergonomic}
   size_t MinHeapSize                              = 104857600                                 {product} {command line}
   size_t NewSize                                  = 34603008                                  {product} {ergonomic}
    uintx NonNMethodCodeHeapSize                   = 7602480                                {pd product} {ergonomic}
    uintx NonProfiledCodeHeapSize                  = 122027880                              {pd product} {ergonomic}
   size_t OldSize                                  = 70254592                                  {product} {ergonomic}
    uintx ProfiledCodeHeapSize                     = 122027880                              {pd product} {ergonomic}
    uintx ReservedCodeCacheSize                    = 251658240                              {pd product} {ergonomic}
     bool SegmentedCodeCache                       = true                                      {product} {ergonomic}
   size_t SoftMaxHeapSize                          = 2147483648                             {manageable} {ergonomic}
     bool UseCompressedOops                        = true                           {product lp64_product} {ergonomic}
     bool UseLargePagesIndividualAllocation        = false                                  {pd product} {ergonomic}
     bool UseParallelGC                            = true                                      {product} {command line}

Logging:
Log output configuration:
 #0: stdout all=off uptime,level,tags foldmultilines=false
 #1: stderr all=off uptime,level,tags foldmultilines=false

Release file:
JAVA_VERSION="21.0.10" 
MODULES="java.base java.compiler java.datatransfer java.xml java.prefs java.desktop java.instrument java.logging java.management java.security.sasl java.naming java.rmi java.management.rmi java.net.http java.scripting java.security.jgss java.transaction.xa java.sql java.sql.rowset java.xml.crypto java.se java.smartcardio jdk.accessibility jdk.internal.jvmstat jdk.attach jdk.charsets jdk.internal.opt jdk.zipfs jdk.compiler jdk.crypto.ec jdk.crypto.cryptoki jdk.crypto.mscapi jdk.dynalink jdk.internal.ed jdk.editpad jdk.hotspot.agent jdk.httpserver jdk.internal.le jdk.internal.vm.ci jdk.internal.vm.compiler jdk.internal.vm.compiler.management jdk.jartool jdk.javadoc jdk.jcmd jdk.management jdk.management.agent jdk.jconsole jdk.jdeps jdk.jdwp.agent jdk.jdi jdk.jfr jdk.jshell jdk.jsobject jdk.jstatd jdk.localedata jdk.management.jfr jdk.naming.dns jdk.naming.rmi jdk.net jdk.nio.mapmode jdk.random jdk.sctp jdk.security.auth jdk.security.jgss jdk.unsupported jdk.unsupported.desktop jdk.xml.dom" 

Environment Variables:
JAVA_HOME=C:\Program Files\Eclipse Adoptium\jdk-21.0.8.9-hotspot
PATH=C:\Users\34254\AppData\Local\Programs\Microsoft VS Code;C:\Program Files\Eclipse Adoptium\jdk-21.0.8.9-hotspot\bin;C:\Windows\system32;C:\Windows;C:\Windows\System32\Wbem;C:\Windows\System32\WindowsPowerShell\v1.0\;C:\Windows\System32\OpenSSH\;C:\Program Files\dotnet\;C:\Program Files (x86)\NVIDIA Corporation\PhysX\Common;C:\Program Files\NVIDIA Corporation\NVIDIA NvDLISR;C:\Program Files (x86)\Windows Kits\10\Windows Performance Toolkit\;C:\Program Files\Bandizip\;:\ProgramData\chocolatey\bin;C:\Program Files\CMake\bin;D:\MySQL\MySQL Server 8.0\bin;E:\;E:\Sunshine;E:\Sunshine\tools;C:\Program Files\Eclipse Adoptium\jdk-21.0.8.9-hotspot\bin;C:\Program Files\Redis\;C:\Program Files\Docker\Docker\resources\bin;D:\cursor\resources\app\bin;D:\x婥\Git\cmd;C:\Users\34254\.local\bin;E:\miniconda;E:\miniconda\Library\mingw-w64\bin;E:\miniconda\Library\usr\bin;E:\miniconda\Library\bin;E:\miniconda\Scripts;D:\MySQL\MySQL Shell 8.0\bin\;d:\x婥\Trae CN\bin;D:\python\Scripts\;D:\python\;C:\Users\34254\AppData\Local\Microsoft\WindowsApps;D:\PyCharm 2021.1.3\bin;C:\Users\34254\AppData\Local\Programs\Microsoft VS Code\bin;E:\IntelliJ IDEA Community Edition 2025.2.1\bin;D:\apache-maven-3.9.11-bin\apache-maven-3.9.11\bin;C:\tools\msys64;C:\Users\34254\AppData\Roaming\npm;C:\Users\34254\AppData\Local\GitHubDesktop\bin
USERNAME=34254
OS=Windows_NT
PROCESSOR_IDENTIFIER=Intel64 Family 6 Model 186 Stepping 2, GenuineIntel
TMP=C:\Users\34254\AppData\Local\Temp
TEMP=C:\Users\34254\AppData\Local\Temp




Periodic native trim disabled

---------------  S Y S T E M  ---------------

OS:
 Windows 11 , 64 bit Build 22621 (10.0.22621.5415)
OS uptime: 1 days 6:53 hours
Hyper-V role detected

CPU: total 16 (initial active 16) (8 cores per cpu, 2 threads per core) family 6 model 186 stepping 2 microcode 0x4114, cx8, cmov, fxsr, ht, mmx, 3dnowpref, sse, sse2, sse3, ssse3, sse4.1, sse4.2, popcnt, lzcnt, tsc, tscinvbit, avx, avx2, aes, erms, clmul, bmi1, bmi2, adx, sha, fma, vzeroupper, clflush, clflushopt, clwb, hv, serialize, rdtscp, rdpid, fsrm, f16c, cet_ibt, cet_ss
Processor Information for processor 0
  Max Mhz: 2400, Current Mhz: 2400, Mhz Limit: 2400
Processor Information for processor 1
  Max Mhz: 2400, Current Mhz: 2400, Mhz Limit: 2400
Processor Information for processor 2
  Max Mhz: 2400, Current Mhz: 2400, Mhz Limit: 2400
Processor Information for processor 3
  Max Mhz: 2400, Current Mhz: 2400, Mhz Limit: 2400
Processor Information for processor 4
  Max Mhz: 2400, Current Mhz: 2400, Mhz Limit: 2400
Processor Information for processor 5
  Max Mhz: 2400, Current Mhz: 2400, Mhz Limit: 2400
Processor Information for processor 6
  Max Mhz: 2400, Current Mhz: 2400, Mhz Limit: 2400
Processor Information for processor 7
  Max Mhz: 2400, Current Mhz: 2400, Mhz Limit: 2400
Processor Information for processor 8
  Max Mhz: 2400, Current Mhz: 2400, Mhz Limit: 2400
Processor Information for processor 9
  Max Mhz: 2400, Current Mhz: 2400, Mhz Limit: 2400
Processor Information for processor 10
  Max Mhz: 2400, Current Mhz: 2400, Mhz Limit: 2400
Processor Information for processor 11
  Max Mhz: 2400, Current Mhz: 2400, Mhz Limit: 2400
Processor Information for processor 12
  Max Mhz: 2400, Current Mhz: 1800, Mhz Limit: 1800
Processor Information for processor 13
  Max Mhz: 2400, Current Mhz: 1800, Mhz Limit: 1800
Processor Information for processor 14
  Max Mhz: 2400, Current Mhz: 1800, Mhz Limit: 1800
Processor Information for processor 15
  Max Mhz: 2400, Current Mhz: 1800, Mhz Limit: 1800

Memory: 4k page, system-wide physical 32497M (12908M free)
TotalPageFile size 32497M (AvailPageFile size 3M)
current process WorkingSet (physical memory assigned to process): 40M, peak: 390M
current process commit charge ("private bytes"): 456M, peak: 487M

vm_info: OpenJDK 64-Bit Server VM (21.0.10+7-LTS) for windows-amd64 JRE (21.0.10+7-LTS), built on 2026-01-20T00:00:00Z by "admin" with MS VC++ 17.12 (VS2022)

END.
